app/build/intermediates/manifest_merge_blame_file/release/manifest-merger-blame-release-report.txt
1<?xml version="1.0" encoding="utf-8"?>
2<manifest xmlns:android="http://schemas.android.com/apk/res/android"
3    package="vn.vistark.dk_nha_yen"
4    android:versionCode="1910231956"
5    android:versionName="2019.10.23-1956" >
6
7    <uses-sdk
8        android:minSdkVersion="21"
8-->src\main\AndroidManifest.xml
9        android:targetSdkVersion="29" />
9-->src\main\AndroidManifest.xml
10
11    <supports-screens
11-->src\main\AndroidManifest.xml:6:5-11:39
12        android:anyDensity="true"
12-->src\main\AndroidManifest.xml:7:9-34
13        android:largeScreens="true"
13-->src\main\AndroidManifest.xml:8:9-36
14        android:normalScreens="true"
14-->src\main\AndroidManifest.xml:9:9-37
15        android:resizeable="true"
15-->src\main\AndroidManifest.xml:10:9-34
16        android:smallScreens="true" />
16-->src\main\AndroidManifest.xml:11:9-36
17
18    <uses-permission android:name="android.permission.READ_EXTERNAL_STORAGE" />
18-->src\main\AndroidManifest.xml:13:5-80
18-->src\main\AndroidManifest.xml:13:22-77
19    <uses-permission android:name="android.permission.ACCESS_NETWORK_STATE" />
19-->src\main\AndroidManifest.xml:14:5-79
19-->src\main\AndroidManifest.xml:14:22-76
20    <uses-permission android:name="android.permission.INTERNET" />
20-->src\main\AndroidManifest.xml:15:5-67
20-->src\main\AndroidManifest.xml:15:22-64
21    <uses-permission android:name="android.permission.WRITE_EXTERNAL_STORAGE" />
21-->src\main\AndroidManifest.xml:16:5-81
21-->src\main\AndroidManifest.xml:16:22-78
22    <uses-permission android:name="android.permission.CAMERA" />
22-->src\main\AndroidManifest.xml:17:5-65
22-->src\main\AndroidManifest.xml:17:22-62
23    <uses-permission android:name="android.permission.VIBRATE" />
23-->src\main\AndroidManifest.xml:18:5-66
23-->src\main\AndroidManifest.xml:18:22-63
24    <uses-permission android:name="android.permission.WAKE_LOCK" />
24-->src\main\AndroidManifest.xml:19:5-68
24-->src\main\AndroidManifest.xml:19:22-65
25
26    <uses-feature
26-->src\main\AndroidManifest.xml:21:5-23:36
27        android:name="android.hardware.camera"
27-->src\main\AndroidManifest.xml:22:9-47
28        android:required="false" />
28-->src\main\AndroidManifest.xml:23:9-33
29    <uses-feature
29-->src\main\AndroidManifest.xml:24:5-26:36
30        android:name="android.hardware.camera.autofocus"
30-->src\main\AndroidManifest.xml:25:9-57
31        android:required="false" />
31-->src\main\AndroidManifest.xml:26:9-33
32    <uses-feature
32-->src\main\AndroidManifest.xml:27:5-29:36
33        android:name="android.hardware.camera.front"
33-->src\main\AndroidManifest.xml:28:9-53
34        android:required="false" />
34-->src\main\AndroidManifest.xml:29:9-33
35    <uses-feature
35-->src\main\AndroidManifest.xml:30:5-32:36
36        android:name="android.hardware.camera.front.autofocus"
36-->src\main\AndroidManifest.xml:31:9-63
37        android:required="false" />
37-->src\main\AndroidManifest.xml:32:9-33
38    <uses-feature android:name="android.hardware.usb.host" />
38-->src\main\AndroidManifest.xml:33:5-62
38-->src\main\AndroidManifest.xml:33:19-59
39
40    <uses-permission android:name="android.permission.MANAGE_USB" />
40-->src\main\AndroidManifest.xml:35:5-37:47
40-->src\main\AndroidManifest.xml:36:9-53
41
42    <application
42-->src\main\AndroidManifest.xml:39:5-66:19
43        android:name="vn.vistark.giam_sat_nha_yen.services.CustomApplication"
43-->src\main\AndroidManifest.xml:44:9-51
44        android:allowBackup="true"
44-->[com.pnikosis:materialish-progress:1.0] AndroidManifest.xml:12:9-35
45        android:appComponentFactory="androidx.core.app.CoreComponentFactory"
45-->[androidx.core:core:1.1.0] AndroidManifest.xml:24:18-86
46        android:icon="@drawable/logo_ntu"
46-->src\main\AndroidManifest.xml:40:9-42
47        android:label="@string/app_name"
47-->src\main\AndroidManifest.xml:41:9-41
48        android:roundIcon="@drawable/logo_ntu"
48-->src\main\AndroidManifest.xml:42:9-47
49        android:supportsRtl="true"
49-->src\main\AndroidManifest.xml:43:9-35
50        android:theme="@style/AppTheme"
50-->src\main\AndroidManifest.xml:45:9-40
51        android:usesCleartextTraffic="true" >
51-->src\main\AndroidManifest.xml:46:9-44
52        <activity android:name="vn.vistark.giam_sat_nha_yen.ui.dashboard_screen.DashboardScreenActivity" />
52-->src\main\AndroidManifest.xml:51:9-90
52-->src\main\AndroidManifest.xml:51:19-78
53        <activity android:name="vn.vistark.giam_sat_nha_yen.ui.splash_screen.SplashScreenActivity" />
53-->src\main\AndroidManifest.xml:52:9-84
53-->src\main\AndroidManifest.xml:52:19-72
54        <activity android:name="vn.vistark.giam_sat_nha_yen.ui.MainActivity" >
54-->src\main\AndroidManifest.xml:53:9-65:20
54-->src\main\AndroidManifest.xml:53:19-50
55            <intent-filter>
55-->src\main\AndroidManifest.xml:54:13-60:29
56                <action android:name="android.intent.action.MAIN" />
56-->src\main\AndroidManifest.xml:55:17-69
56-->src\main\AndroidManifest.xml:55:25-66
57
58                <category android:name="android.intent.category.LAUNCHER" />
58-->src\main\AndroidManifest.xml:57:17-77
58-->src\main\AndroidManifest.xml:57:27-74
59
60                <action android:name="android.hardware.usb.action.USB_DEVICE_ATTACHED" />
60-->src\main\AndroidManifest.xml:59:17-90
60-->src\main\AndroidManifest.xml:59:25-87
61            </intent-filter>
62
63            <meta-data
63-->src\main\AndroidManifest.xml:62:13-64:57
64                android:name="android.hardware.usb.action.USB_DEVICE_ATTACHED"
64-->src\main\AndroidManifest.xml:63:17-79
65                android:resource="@xml/device_filter" />
65-->src\main\AndroidManifest.xml:64:17-54
66        </activity>
67
68        <service
68-->[com.google.firebase:firebase-database:19.2.0] AndroidManifest.xml:29:9-35:19
69            android:name="com.google.firebase.components.ComponentDiscoveryService"
69-->[com.google.firebase:firebase-database:19.2.0] AndroidManifest.xml:30:13-84
70            android:directBootAware="true"
70-->[com.google.firebase:firebase-common:19.2.0] AndroidManifest.xml:15:13-43
71            android:exported="false" >
71-->[com.google.firebase:firebase-database:19.2.0] AndroidManifest.xml:31:13-37
72            <meta-data
72-->[com.google.firebase:firebase-database:19.2.0] AndroidManifest.xml:32:13-34:85
73                android:name="com.google.firebase.components:com.google.firebase.database.DatabaseRegistrar"
73-->[com.google.firebase:firebase-database:19.2.0] AndroidManifest.xml:33:17-109
74                android:value="com.google.firebase.components.ComponentRegistrar" />
74-->[com.google.firebase:firebase-database:19.2.0] AndroidManifest.xml:34:17-82
75        </service>
76
77        <activity
77-->[com.google.android.gms:play-services-base:17.0.0] AndroidManifest.xml:23:9-26:75
78            android:name="com.google.android.gms.common.api.GoogleApiActivity"
78-->[com.google.android.gms:play-services-base:17.0.0] AndroidManifest.xml:24:13-79
79            android:exported="false"
79-->[com.google.android.gms:play-services-base:17.0.0] AndroidManifest.xml:25:13-37
80            android:theme="@android:style/Theme.Translucent.NoTitleBar" />
80-->[com.google.android.gms:play-services-base:17.0.0] AndroidManifest.xml:26:13-72
81
82        <provider
82-->[com.google.firebase:firebase-common:19.2.0] AndroidManifest.xml:19:9-23:39
83            android:name="com.google.firebase.provider.FirebaseInitProvider"
83-->[com.google.firebase:firebase-common:19.2.0] AndroidManifest.xml:20:13-77
84            android:authorities="vn.vistark.dk_nha_yen.firebaseinitprovider"
84-->[com.google.firebase:firebase-common:19.2.0] AndroidManifest.xml:21:13-72
85            android:exported="false"
85-->[com.google.firebase:firebase-common:19.2.0] AndroidManifest.xml:22:13-37
86            android:initOrder="100" />
86-->[com.google.firebase:firebase-common:19.2.0] AndroidManifest.xml:23:13-36
87
88        <meta-data
88-->[com.google.android.gms:play-services-basement:17.0.0] AndroidManifest.xml:23:9-25:69
89            android:name="com.google.android.gms.version"
89-->[com.google.android.gms:play-services-basement:17.0.0] AndroidManifest.xml:24:13-58
90            android:value="@integer/google_play_services_version" />
90-->[com.google.android.gms:play-services-basement:17.0.0] AndroidManifest.xml:25:13-66
91    </application>
92
93</manifest>